<?xml version="1.0" encoding="UTF-8"?>
<testsuite xmlns:xsi="http://www.w3.org/2001/XMLSchema-instance" xsi:noNamespaceSchemaLocation="https://maven.apache.org/surefire/maven-surefire-plugin/xsd/surefire-test-report.xsd" name="TestQuestionHandler" time="0.005" tests="7" errors="0" skipped="0" failures="0">
  <properties>
[...]
</properties>
  <testcase name="test_get_level_1" classname="TestQuestionHandler" time="0"/>
  <testcase name="test_get_level_2" classname="TestQuestionHandler" time="0"/>
  <testcase name="test_get_level_3" classname="TestQuestionHandler" time="0"/>
  <testcase name="test_get_level_4" classname="TestQuestionHandler" time="0.001"/>
  <testcase name="test_get_level_5" classname="TestQuestionHandler" time="0.001"/>
  <testcase name="test_get_level_6" classname="TestQuestionHandler" time="0.001"/>
  <testcase name="test_get_instance" classname="TestQuestionHandler" time="0.001"/>
</testsuite>